{"D:\\OpenClaw\\sessions\\workspace-researcher\\workspace\\practice\\calculator-test\\src\\CalculatorComponent.jsx": {"path":"D:\\OpenClaw\\sessions\\workspace-researcher\\workspace\\practice\\calculator-test\\src\\CalculatorComponent.jsx","all":false,"statementMap":{"0":{"start":{"line":1,"column":0},"end":{"line":1,"column":32}},"1":{"start":{"line":2,"column":0},"end":{"line":2,"column":69}},"2":{"start":{"line":3,"column":0},"end":{"line":3,"column":0}},"3":{"start":{"line":4,"column":0},"end":{"line":4,"column":3}},"4":{"start":{"line":5,"column":0},"end":{"line":5,"column":27}},"5":{"start":{"line":6,"column":0},"end":{"line":6,"column":3}},"6":{"start":{"line":7,"column":0},"end":{"line":7,"column":38}},"7":{"start":{"line":8,"column":0},"end":{"line":8,"column":45}},"8":{"start":{"line":9,"column":0},"end":{"line":9,"column":56}},"9":{"start":{"line":10,"column":0},"end":{"line":10,"column":48}},"10":{"start":{"line":11,"column":0},"end":{"line":11,"column":79}},"11":{"start":{"line":12,"column":0},"end":{"line":12,"column":0}},"12":{"start":{"line":13,"column":0},"end":{"line":13,"column":9}},"13":{"start":{"line":14,"column":0},"end":{"line":14,"column":33}},"14":{"start":{"line":15,"column":0},"end":{"line":15,"column":34}},"15":{"start":{"line":16,"column":0},"end":{"line":16,"column":23}},"16":{"start":{"line":17,"column":0},"end":{"line":17,"column":39}},"17":{"start":{"line":18,"column":0},"end":{"line":18,"column":12}},"18":{"start":{"line":19,"column":0},"end":{"line":19,"column":59}},"19":{"start":{"line":20,"column":0},"end":{"line":20,"column":5}},"20":{"start":{"line":21,"column":0},"end":{"line":21,"column":3}},"21":{"start":{"line":22,"column":0},"end":{"line":22,"column":0}},"22":{"start":{"line":23,"column":0},"end":{"line":23,"column":10}},"23":{"start":{"line":24,"column":0},"end":{"line":24,"column":30}},"24":{"start":{"line":25,"column":0},"end":{"line":25,"column":34}},"25":{"start":{"line":26,"column":0},"end":{"line":26,"column":22}},"26":{"start":{"line":27,"column":0},"end":{"line":27,"column":39}},"27":{"start":{"line":28,"column":0},"end":{"line":28,"column":12}},"28":{"start":{"line":29,"column":0},"end":{"line":29,"column":5}},"29":{"start":{"line":30,"column":0},"end":{"line":30,"column":33}},"30":{"start":{"line":31,"column":0},"end":{"line":31,"column":31}},"31":{"start":{"line":32,"column":0},"end":{"line":32,"column":5}},"32":{"start":{"line":33,"column":0},"end":{"line":33,"column":3}},"33":{"start":{"line":34,"column":0},"end":{"line":34,"column":0}},"34":{"start":{"line":35,"column":0},"end":{"line":35,"column":9}},"35":{"start":{"line":36,"column":0},"end":{"line":36,"column":44}},"36":{"start":{"line":37,"column":0},"end":{"line":37,"column":17}},"37":{"start":{"line":38,"column":0},"end":{"line":38,"column":15}},"38":{"start":{"line":39,"column":0},"end":{"line":39,"column":33}},"39":{"start":{"line":40,"column":0},"end":{"line":40,"column":15}},"40":{"start":{"line":41,"column":0},"end":{"line":41,"column":38}},"41":{"start":{"line":42,"column":0},"end":{"line":42,"column":15}},"42":{"start":{"line":43,"column":0},"end":{"line":43,"column":38}},"43":{"start":{"line":44,"column":0},"end":{"line":44,"column":15}},"44":{"start":{"line":45,"column":0},"end":{"line":45,"column":36}},"45":{"start":{"line":46,"column":0},"end":{"line":46,"column":14}},"46":{"start":{"line":47,"column":0},"end":{"line":47,"column":21}},"47":{"start":{"line":48,"column":0},"end":{"line":48,"column":5}},"48":{"start":{"line":49,"column":0},"end":{"line":49,"column":3}},"49":{"start":{"line":50,"column":0},"end":{"line":50,"column":0}},"50":{"start":{"line":51,"column":0},"end":{"line":51,"column":10}},"51":{"start":{"line":52,"column":0},"end":{"line":52,"column":44}},"52":{"start":{"line":53,"column":0},"end":{"line":53,"column":42}},"53":{"start":{"line":54,"column":0},"end":{"line":54,"column":0}},"54":{"start":{"line":55,"column":0},"end":{"line":55,"column":32}},"55":{"start":{"line":56,"column":0},"end":{"line":56,"column":33}},"56":{"start":{"line":57,"column":0},"end":{"line":57,"column":26}},"57":{"start":{"line":58,"column":0},"end":{"line":58,"column":66}},"58":{"start":{"line":59,"column":0},"end":{"line":59,"column":32}},"59":{"start":{"line":60,"column":0},"end":{"line":60,"column":29}},"60":{"start":{"line":61,"column":0},"end":{"line":61,"column":5}},"61":{"start":{"line":62,"column":0},"end":{"line":62,"column":0}},"62":{"start":{"line":63,"column":0},"end":{"line":63,"column":36}},"63":{"start":{"line":64,"column":0},"end":{"line":64,"column":29}},"64":{"start":{"line":65,"column":0},"end":{"line":65,"column":3}},"65":{"start":{"line":66,"column":0},"end":{"line":66,"column":0}},"66":{"start":{"line":67,"column":0},"end":{"line":67,"column":7}},"67":{"start":{"line":68,"column":0},"end":{"line":68,"column":24}},"68":{"start":{"line":69,"column":0},"end":{"line":69,"column":53}},"69":{"start":{"line":70,"column":0},"end":{"line":70,"column":12}},"70":{"start":{"line":71,"column":0},"end":{"line":71,"column":5}},"71":{"start":{"line":72,"column":0},"end":{"line":72,"column":0}},"72":{"start":{"line":73,"column":0},"end":{"line":73,"column":42}},"73":{"start":{"line":74,"column":0},"end":{"line":74,"column":64}},"74":{"start":{"line":75,"column":0},"end":{"line":75,"column":0}},"75":{"start":{"line":76,"column":0},"end":{"line":76,"column":30}},"76":{"start":{"line":77,"column":0},"end":{"line":77,"column":25}},"77":{"start":{"line":78,"column":0},"end":{"line":78,"column":21}},"78":{"start":{"line":79,"column":0},"end":{"line":79,"column":36}},"79":{"start":{"line":80,"column":0},"end":{"line":80,"column":3}},"80":{"start":{"line":81,"column":0},"end":{"line":81,"column":0}},"81":{"start":{"line":82,"column":0},"end":{"line":82,"column":7}},"82":{"start":{"line":83,"column":0},"end":{"line":83,"column":29}},"83":{"start":{"line":84,"column":0},"end":{"line":84,"column":19}},"84":{"start":{"line":85,"column":0},"end":{"line":85,"column":25}},"85":{"start":{"line":86,"column":0},"end":{"line":86,"column":21}},"86":{"start":{"line":87,"column":0},"end":{"line":87,"column":37}},"87":{"start":{"line":88,"column":0},"end":{"line":88,"column":3}},"88":{"start":{"line":89,"column":0},"end":{"line":89,"column":0}},"89":{"start":{"line":90,"column":0},"end":{"line":90,"column":7}},"90":{"start":{"line":91,"column":0},"end":{"line":91,"column":30}},"91":{"start":{"line":92,"column":0},"end":{"line":92,"column":37}},"92":{"start":{"line":93,"column":0},"end":{"line":93,"column":30}},"93":{"start":{"line":94,"column":0},"end":{"line":94,"column":3}},"94":{"start":{"line":95,"column":0},"end":{"line":95,"column":0}},"95":{"start":{"line":96,"column":0},"end":{"line":96,"column":8}},"96":{"start":{"line":97,"column":0},"end":{"line":97,"column":34}},"97":{"start":{"line":98,"column":0},"end":{"line":98,"column":37}},"98":{"start":{"line":99,"column":0},"end":{"line":99,"column":35}},"99":{"start":{"line":100,"column":0},"end":{"line":100,"column":3}},"100":{"start":{"line":101,"column":0},"end":{"line":101,"column":0}},"101":{"start":{"line":102,"column":0},"end":{"line":102,"column":10}},"102":{"start":{"line":103,"column":0},"end":{"line":103,"column":57}},"103":{"start":{"line":104,"column":0},"end":{"line":104,"column":53}},"104":{"start":{"line":105,"column":0},"end":{"line":105,"column":17}},"105":{"start":{"line":106,"column":0},"end":{"line":106,"column":12}},"106":{"start":{"line":107,"column":0},"end":{"line":107,"column":30}},"107":{"start":{"line":108,"column":0},"end":{"line":108,"column":15}},"108":{"start":{"line":109,"column":0},"end":{"line":109,"column":34}},"109":{"start":{"line":110,"column":0},"end":{"line":110,"column":31}},"110":{"start":{"line":111,"column":0},"end":{"line":111,"column":33}},"111":{"start":{"line":112,"column":0},"end":{"line":112,"column":9}},"112":{"start":{"line":113,"column":0},"end":{"line":113,"column":12}},"113":{"start":{"line":114,"column":0},"end":{"line":114,"column":17}},"114":{"start":{"line":115,"column":0},"end":{"line":115,"column":15}},"115":{"start":{"line":116,"column":0},"end":{"line":116,"column":34}},"116":{"start":{"line":117,"column":0},"end":{"line":117,"column":32}},"117":{"start":{"line":118,"column":0},"end":{"line":118,"column":34}},"118":{"start":{"line":119,"column":0},"end":{"line":119,"column":9}},"119":{"start":{"line":120,"column":0},"end":{"line":120,"column":13}},"120":{"start":{"line":121,"column":0},"end":{"line":121,"column":17}},"121":{"start":{"line":122,"column":0},"end":{"line":122,"column":15}},"122":{"start":{"line":123,"column":0},"end":{"line":123,"column":34}},"123":{"start":{"line":124,"column":0},"end":{"line":124,"column":36}},"124":{"start":{"line":125,"column":0},"end":{"line":125,"column":38}},"125":{"start":{"line":126,"column":0},"end":{"line":126,"column":9}},"126":{"start":{"line":127,"column":0},"end":{"line":127,"column":11}},"127":{"start":{"line":128,"column":0},"end":{"line":128,"column":17}},"128":{"start":{"line":129,"column":0},"end":{"line":129,"column":15}},"129":{"start":{"line":130,"column":0},"end":{"line":130,"column":34}},"130":{"start":{"line":131,"column":0},"end":{"line":131,"column":45}},"131":{"start":{"line":132,"column":0},"end":{"line":132,"column":34}},"132":{"start":{"line":133,"column":0},"end":{"line":133,"column":9}},"133":{"start":{"line":134,"column":0},"end":{"line":134,"column":11}},"134":{"start":{"line":135,"column":0},"end":{"line":135,"column":17}},"135":{"start":{"line":136,"column":0},"end":{"line":136,"column":0}},"136":{"start":{"line":137,"column":0},"end":{"line":137,"column":15}},"137":{"start":{"line":138,"column":0},"end":{"line":138,"column":31}},"138":{"start":{"line":139,"column":0},"end":{"line":139,"column":41}},"139":{"start":{"line":140,"column":0},"end":{"line":140,"column":31}},"140":{"start":{"line":141,"column":0},"end":{"line":141,"column":9}},"141":{"start":{"line":142,"column":0},"end":{"line":142,"column":11}},"142":{"start":{"line":143,"column":0},"end":{"line":143,"column":17}},"143":{"start":{"line":144,"column":0},"end":{"line":144,"column":15}},"144":{"start":{"line":145,"column":0},"end":{"line":145,"column":31}},"145":{"start":{"line":146,"column":0},"end":{"line":146,"column":41}},"146":{"start":{"line":147,"column":0},"end":{"line":147,"column":31}},"147":{"start":{"line":148,"column":0},"end":{"line":148,"column":9}},"148":{"start":{"line":149,"column":0},"end":{"line":149,"column":11}},"149":{"start":{"line":150,"column":0},"end":{"line":150,"column":17}},"150":{"start":{"line":151,"column":0},"end":{"line":151,"column":15}},"151":{"start":{"line":152,"column":0},"end":{"line":152,"column":31}},"152":{"start":{"line":153,"column":0},"end":{"line":153,"column":41}},"153":{"start":{"line":154,"column":0},"end":{"line":154,"column":31}},"154":{"start":{"line":155,"column":0},"end":{"line":155,"column":9}},"155":{"start":{"line":156,"column":0},"end":{"line":156,"column":11}},"156":{"start":{"line":157,"column":0},"end":{"line":157,"column":17}},"157":{"start":{"line":158,"column":0},"end":{"line":158,"column":15}},"158":{"start":{"line":159,"column":0},"end":{"line":159,"column":34}},"159":{"start":{"line":160,"column":0},"end":{"line":160,"column":45}},"160":{"start":{"line":161,"column":0},"end":{"line":161,"column":36}},"161":{"start":{"line":162,"column":0},"end":{"line":162,"column":9}},"162":{"start":{"line":163,"column":0},"end":{"line":163,"column":11}},"163":{"start":{"line":164,"column":0},"end":{"line":164,"column":17}},"164":{"start":{"line":165,"column":0},"end":{"line":165,"column":0}},"165":{"start":{"line":166,"column":0},"end":{"line":166,"column":15}},"166":{"start":{"line":167,"column":0},"end":{"line":167,"column":31}},"167":{"start":{"line":168,"column":0},"end":{"line":168,"column":41}},"168":{"start":{"line":169,"column":0},"end":{"line":169,"column":31}},"169":{"start":{"line":170,"column":0},"end":{"line":170,"column":9}},"170":{"start":{"line":171,"column":0},"end":{"line":171,"column":11}},"171":{"start":{"line":172,"column":0},"end":{"line":172,"column":17}},"172":{"start":{"line":173,"column":0},"end":{"line":173,"column":15}},"173":{"start":{"line":174,"column":0},"end":{"line":174,"column":31}},"174":{"start":{"line":175,"column":0},"end":{"line":175,"column":41}},"175":{"start":{"line":176,"column":0},"end":{"line":176,"column":31}},"176":{"start":{"line":177,"column":0},"end":{"line":177,"column":9}},"177":{"start":{"line":178,"column":0},"end":{"line":178,"column":11}},"178":{"start":{"line":179,"column":0},"end":{"line":179,"column":17}},"179":{"start":{"line":180,"column":0},"end":{"line":180,"column":15}},"180":{"start":{"line":181,"column":0},"end":{"line":181,"column":31}},"181":{"start":{"line":182,"column":0},"end":{"line":182,"column":41}},"182":{"start":{"line":183,"column":0},"end":{"line":183,"column":31}},"183":{"start":{"line":184,"column":0},"end":{"line":184,"column":9}},"184":{"start":{"line":185,"column":0},"end":{"line":185,"column":11}},"185":{"start":{"line":186,"column":0},"end":{"line":186,"column":17}},"186":{"start":{"line":187,"column":0},"end":{"line":187,"column":15}},"187":{"start":{"line":188,"column":0},"end":{"line":188,"column":34}},"188":{"start":{"line":189,"column":0},"end":{"line":189,"column":45}},"189":{"start":{"line":190,"column":0},"end":{"line":190,"column":36}},"190":{"start":{"line":191,"column":0},"end":{"line":191,"column":9}},"191":{"start":{"line":192,"column":0},"end":{"line":192,"column":11}},"192":{"start":{"line":193,"column":0},"end":{"line":193,"column":17}},"193":{"start":{"line":194,"column":0},"end":{"line":194,"column":0}},"194":{"start":{"line":195,"column":0},"end":{"line":195,"column":15}},"195":{"start":{"line":196,"column":0},"end":{"line":196,"column":31}},"196":{"start":{"line":197,"column":0},"end":{"line":197,"column":41}},"197":{"start":{"line":198,"column":0},"end":{"line":198,"column":31}},"198":{"start":{"line":199,"column":0},"end":{"line":199,"column":9}},"199":{"start":{"line":200,"column":0},"end":{"line":200,"column":11}},"200":{"start":{"line":201,"column":0},"end":{"line":201,"column":17}},"201":{"start":{"line":202,"column":0},"end":{"line":202,"column":15}},"202":{"start":{"line":203,"column":0},"end":{"line":203,"column":31}},"203":{"start":{"line":204,"column":0},"end":{"line":204,"column":41}},"204":{"start":{"line":205,"column":0},"end":{"line":205,"column":31}},"205":{"start":{"line":206,"column":0},"end":{"line":206,"column":9}},"206":{"start":{"line":207,"column":0},"end":{"line":207,"column":11}},"207":{"start":{"line":208,"column":0},"end":{"line":208,"column":17}},"208":{"start":{"line":209,"column":0},"end":{"line":209,"column":15}},"209":{"start":{"line":210,"column":0},"end":{"line":210,"column":31}},"210":{"start":{"line":211,"column":0},"end":{"line":211,"column":41}},"211":{"start":{"line":212,"column":0},"end":{"line":212,"column":31}},"212":{"start":{"line":213,"column":0},"end":{"line":213,"column":9}},"213":{"start":{"line":214,"column":0},"end":{"line":214,"column":11}},"214":{"start":{"line":215,"column":0},"end":{"line":215,"column":17}},"215":{"start":{"line":216,"column":0},"end":{"line":216,"column":15}},"216":{"start":{"line":217,"column":0},"end":{"line":217,"column":34}},"217":{"start":{"line":218,"column":0},"end":{"line":218,"column":45}},"218":{"start":{"line":219,"column":0},"end":{"line":219,"column":31}},"219":{"start":{"line":220,"column":0},"end":{"line":220,"column":9}},"220":{"start":{"line":221,"column":0},"end":{"line":221,"column":11}},"221":{"start":{"line":222,"column":0},"end":{"line":222,"column":17}},"222":{"start":{"line":223,"column":0},"end":{"line":223,"column":0}},"223":{"start":{"line":224,"column":0},"end":{"line":224,"column":15}},"224":{"start":{"line":225,"column":0},"end":{"line":225,"column":40}},"225":{"start":{"line":226,"column":0},"end":{"line":226,"column":41}},"226":{"start":{"line":227,"column":0},"end":{"line":227,"column":31}},"227":{"start":{"line":228,"column":0},"end":{"line":228,"column":9}},"228":{"start":{"line":229,"column":0},"end":{"line":229,"column":11}},"229":{"start":{"line":230,"column":0},"end":{"line":230,"column":17}},"230":{"start":{"line":231,"column":0},"end":{"line":231,"column":15}},"231":{"start":{"line":232,"column":0},"end":{"line":232,"column":31}},"232":{"start":{"line":233,"column":0},"end":{"line":233,"column":32}},"233":{"start":{"line":234,"column":0},"end":{"line":234,"column":35}},"234":{"start":{"line":235,"column":0},"end":{"line":235,"column":9}},"235":{"start":{"line":236,"column":0},"end":{"line":236,"column":11}},"236":{"start":{"line":237,"column":0},"end":{"line":237,"column":17}},"237":{"start":{"line":238,"column":0},"end":{"line":238,"column":15}},"238":{"start":{"line":239,"column":0},"end":{"line":239,"column":34}},"239":{"start":{"line":240,"column":0},"end":{"line":240,"column":26}},"240":{"start":{"line":241,"column":0},"end":{"line":241,"column":34}},"241":{"start":{"line":242,"column":0},"end":{"line":242,"column":9}},"242":{"start":{"line":243,"column":0},"end":{"line":243,"column":11}},"243":{"start":{"line":244,"column":0},"end":{"line":244,"column":17}},"244":{"start":{"line":245,"column":0},"end":{"line":245,"column":12}},"245":{"start":{"line":246,"column":0},"end":{"line":246,"column":10}},"246":{"start":{"line":247,"column":0},"end":{"line":247,"column":3}},"247":{"start":{"line":248,"column":0},"end":{"line":248,"column":1}}},"s":{"0":1,"1":1,"2":1,"3":1,"4":1,"5":1,"6":78,"7":78,"8":78,"9":78,"10":78,"11":78,"12":78,"13":78,"14":34,"15":10,"16":10,"17":34,"18":24,"19":24,"20":34,"21":78,"22":78,"23":78,"24":1,"25":0,"26":0,"27":0,"28":0,"29":1,"30":1,"31":1,"32":1,"33":78,"34":78,"35":78,"36":10,"37":10,"38":4,"39":10,"40":2,"41":10,"42":3,"43":10,"44":1,"45":10,"46":0,"47":10,"48":10,"49":78,"50":78,"51":78,"52":10,"53":10,"54":10,"55":7,"56":10,"57":3,"58":3,"59":3,"60":3,"61":10,"62":10,"63":10,"64":10,"65":78,"66":78,"67":78,"68":7,"69":0,"70":0,"71":7,"72":7,"73":7,"74":7,"75":7,"76":7,"77":7,"78":7,"79":7,"80":78,"81":78,"82":78,"83":1,"84":1,"85":1,"86":1,"87":1,"88":78,"89":78,"90":78,"91":3,"92":3,"93":3,"94":78,"95":78,"96":78,"97":1,"98":1,"99":1,"100":78,"101":78,"102":78,"103":78,"104":78,"105":78,"106":78,"107":78,"108":78,"109":78,"110":78,"111":78,"112":78,"113":78,"114":78,"115":78,"116":78,"117":78,"118":78,"119":78,"120":78,"121":78,"122":78,"123":78,"124":78,"125":78,"126":78,"127":78,"128":78,"129":78,"130":78,"131":78,"132":78,"133":78,"134":78,"135":78,"136":78,"137":78,"138":78,"139":78,"140":78,"141":78,"142":78,"143":78,"144":78,"145":78,"146":78,"147":78,"148":78,"149":78,"150":78,"151":78,"152":78,"153":78,"154":78,"155":78,"156":78,"157":78,"158":78,"159":78,"160":78,"161":78,"162":78,"163":78,"164":78,"165":78,"166":78,"167":78,"168":78,"169":78,"170":78,"171":78,"172":78,"173":78,"174":78,"175":78,"176":78,"177":78,"178":78,"179":78,"180":78,"181":78,"182":78,"183":78,"184":78,"185":78,"186":78,"187":78,"188":78,"189":78,"190":78,"191":78,"192":78,"193":78,"194":78,"195":78,"196":78,"197":78,"198":78,"199":78,"200":78,"201":78,"202":78,"203":78,"204":78,"205":78,"206":78,"207":78,"208":78,"209":78,"210":78,"211":78,"212":78,"213":78,"214":78,"215":78,"216":78,"217":78,"218":78,"219":78,"220":78,"221":78,"222":78,"223":78,"224":78,"225":78,"226":78,"227":78,"228":78,"229":78,"230":78,"231":78,"232":78,"233":78,"234":78,"235":78,"236":78,"237":78,"238":78,"239":78,"240":78,"241":78,"242":78,"243":78,"244":78,"245":78,"246":78,"247":78},"branchMap":{"0":{"type":"branch","line":7,"loc":{"start":{"line":7,"column":0},"end":{"line":248,"column":1}},"locations":[{"start":{"line":7,"column":0},"end":{"line":248,"column":1}}]},"1":{"type":"branch","line":14,"loc":{"start":{"line":14,"column":21},"end":{"line":21,"column":3}},"locations":[{"start":{"line":14,"column":21},"end":{"line":21,"column":3}}]},"2":{"type":"branch","line":15,"loc":{"start":{"line":15,"column":33},"end":{"line":18,"column":11}},"locations":[{"start":{"line":15,"column":33},"end":{"line":18,"column":11}}]},"3":{"type":"branch","line":18,"loc":{"start":{"line":18,"column":4},"end":{"line":20,"column":5}},"locations":[{"start":{"line":18,"column":4},"end":{"line":20,"column":5}}]},"4":{"type":"branch","line":19,"loc":{"start":{"line":19,"column":29},"end":{"line":19,"column":43}},"locations":[{"start":{"line":19,"column":29},"end":{"line":19,"column":43}}]},"5":{"type":"branch","line":19,"loc":{"start":{"line":19,"column":35},"end":{"line":19,"column":58}},"locations":[{"start":{"line":19,"column":35},"end":{"line":19,"column":58}}]},"6":{"type":"branch","line":24,"loc":{"start":{"line":24,"column":23},"end":{"line":33,"column":3}},"locations":[{"start":{"line":24,"column":23},"end":{"line":33,"column":3}}]},"7":{"type":"branch","line":25,"loc":{"start":{"line":25,"column":33},"end":{"line":29,"column":5}},"locations":[{"start":{"line":25,"column":33},"end":{"line":29,"column":5}}]},"8":{"type":"branch","line":36,"loc":{"start":{"line":36,"column":20},"end":{"line":49,"column":3}},"locations":[{"start":{"line":36,"column":20},"end":{"line":49,"column":3}}]},"9":{"type":"branch","line":38,"loc":{"start":{"line":38,"column":6},"end":{"line":39,"column":33}},"locations":[{"start":{"line":38,"column":6},"end":{"line":39,"column":33}}]},"10":{"type":"branch","line":40,"loc":{"start":{"line":40,"column":6},"end":{"line":41,"column":38}},"locations":[{"start":{"line":40,"column":6},"end":{"line":41,"column":38}}]},"11":{"type":"branch","line":42,"loc":{"start":{"line":42,"column":6},"end":{"line":43,"column":38}},"locations":[{"start":{"line":42,"column":6},"end":{"line":43,"column":38}}]},"12":{"type":"branch","line":44,"loc":{"start":{"line":44,"column":6},"end":{"line":45,"column":36}},"locations":[{"start":{"line":44,"column":6},"end":{"line":45,"column":36}}]},"13":{"type":"branch","line":46,"loc":{"start":{"line":46,"column":6},"end":{"line":47,"column":21}},"locations":[{"start":{"line":46,"column":6},"end":{"line":47,"column":21}}]},"14":{"type":"branch","line":52,"loc":{"start":{"line":52,"column":25},"end":{"line":65,"column":3}},"locations":[{"start":{"line":52,"column":25},"end":{"line":65,"column":3}}]},"15":{"type":"branch","line":55,"loc":{"start":{"line":55,"column":31},"end":{"line":57,"column":15}},"locations":[{"start":{"line":55,"column":31},"end":{"line":57,"column":15}}]},"16":{"type":"branch","line":57,"loc":{"start":{"line":57,"column":4},"end":{"line":61,"column":5}},"locations":[{"start":{"line":57,"column":4},"end":{"line":61,"column":5}}]},"17":{"type":"branch","line":68,"loc":{"start":{"line":68,"column":17},"end":{"line":80,"column":3}},"locations":[{"start":{"line":68,"column":17},"end":{"line":80,"column":3}}]},"18":{"type":"branch","line":69,"loc":{"start":{"line":69,"column":52},"end":{"line":71,"column":5}},"locations":[{"start":{"line":69,"column":52},"end":{"line":71,"column":5}}]},"19":{"type":"branch","line":83,"loc":{"start":{"line":83,"column":22},"end":{"line":88,"column":3}},"locations":[{"start":{"line":83,"column":22},"end":{"line":88,"column":3}}]},"20":{"type":"branch","line":91,"loc":{"start":{"line":91,"column":23},"end":{"line":94,"column":3}},"locations":[{"start":{"line":91,"column":23},"end":{"line":94,"column":3}}]},"21":{"type":"branch","line":97,"loc":{"start":{"line":97,"column":27},"end":{"line":100,"column":3}},"locations":[{"start":{"line":97,"column":27},"end":{"line":100,"column":3}}]},"22":{"type":"branch","line":131,"loc":{"start":{"line":131,"column":19},"end":{"line":131,"column":45}},"locations":[{"start":{"line":131,"column":19},"end":{"line":131,"column":45}}]},"23":{"type":"branch","line":160,"loc":{"start":{"line":160,"column":19},"end":{"line":160,"column":45}},"locations":[{"start":{"line":160,"column":19},"end":{"line":160,"column":45}}]},"24":{"type":"branch","line":168,"loc":{"start":{"line":168,"column":19},"end":{"line":168,"column":41}},"locations":[{"start":{"line":168,"column":19},"end":{"line":168,"column":41}}]},"25":{"type":"branch","line":175,"loc":{"start":{"line":175,"column":19},"end":{"line":175,"column":41}},"locations":[{"start":{"line":175,"column":19},"end":{"line":175,"column":41}}]},"26":{"type":"branch","line":189,"loc":{"start":{"line":189,"column":19},"end":{"line":189,"column":45}},"locations":[{"start":{"line":189,"column":19},"end":{"line":189,"column":45}}]},"27":{"type":"branch","line":197,"loc":{"start":{"line":197,"column":19},"end":{"line":197,"column":41}},"locations":[{"start":{"line":197,"column":19},"end":{"line":197,"column":41}}]},"28":{"type":"branch","line":204,"loc":{"start":{"line":204,"column":19},"end":{"line":204,"column":41}},"locations":[{"start":{"line":204,"column":19},"end":{"line":204,"column":41}}]},"29":{"type":"branch","line":211,"loc":{"start":{"line":211,"column":19},"end":{"line":211,"column":41}},"locations":[{"start":{"line":211,"column":19},"end":{"line":211,"column":41}}]},"30":{"type":"branch","line":218,"loc":{"start":{"line":218,"column":19},"end":{"line":218,"column":45}},"locations":[{"start":{"line":218,"column":19},"end":{"line":218,"column":45}}]},"31":{"type":"branch","line":226,"loc":{"start":{"line":226,"column":19},"end":{"line":226,"column":41}},"locations":[{"start":{"line":226,"column":19},"end":{"line":226,"column":41}}]}},"b":{"0":[78],"1":[34],"2":[10],"3":[24],"4":[15],"5":[9],"6":[1],"7":[0],"8":[10],"9":[4],"10":[2],"11":[3],"12":[1],"13":[0],"14":[10],"15":[7],"16":[3],"17":[7],"18":[0],"19":[1],"20":[3],"21":[1],"22":[1],"23":[3],"24":[3],"25":[6],"26":[2],"27":[6],"28":[7],"29":[7],"30":[4],"31":[5]},"fnMap":{"0":{"name":"Calculator","decl":{"start":{"line":7,"column":0},"end":{"line":248,"column":1}},"loc":{"start":{"line":7,"column":0},"end":{"line":248,"column":1}},"line":7},"1":{"name":"inputDigit","decl":{"start":{"line":14,"column":21},"end":{"line":21,"column":3}},"loc":{"start":{"line":14,"column":21},"end":{"line":21,"column":3}},"line":14},"2":{"name":"inputDecimal","decl":{"start":{"line":24,"column":23},"end":{"line":33,"column":3}},"loc":{"start":{"line":24,"column":23},"end":{"line":33,"column":3}},"line":24},"3":{"name":"calculate","decl":{"start":{"line":36,"column":20},"end":{"line":49,"column":3}},"loc":{"start":{"line":36,"column":20},"end":{"line":49,"column":3}},"line":36},"4":{"name":"handleOperator","decl":{"start":{"line":52,"column":25},"end":{"line":65,"column":3}},"loc":{"start":{"line":52,"column":25},"end":{"line":65,"column":3}},"line":52},"5":{"name":"equals","decl":{"start":{"line":68,"column":17},"end":{"line":80,"column":3}},"loc":{"start":{"line":68,"column":17},"end":{"line":80,"column":3}},"line":68},"6":{"name":"handleClear","decl":{"start":{"line":83,"column":22},"end":{"line":88,"column":3}},"loc":{"start":{"line":83,"column":22},"end":{"line":88,"column":3}},"line":83},"7":{"name":"handleNegate","decl":{"start":{"line":91,"column":23},"end":{"line":94,"column":3}},"loc":{"start":{"line":91,"column":23},"end":{"line":94,"column":3}},"line":91},"8":{"name":"handlePercentage","decl":{"start":{"line":97,"column":27},"end":{"line":100,"column":3}},"loc":{"start":{"line":97,"column":27},"end":{"line":100,"column":3}},"line":97},"9":{"name":"onClick","decl":{"start":{"line":131,"column":19},"end":{"line":131,"column":45}},"loc":{"start":{"line":131,"column":19},"end":{"line":131,"column":45}},"line":131},"10":{"name":"onClick","decl":{"start":{"line":139,"column":19},"end":{"line":139,"column":41}},"loc":{"start":{"line":139,"column":19},"end":{"line":139,"column":41}},"line":139},"11":{"name":"onClick","decl":{"start":{"line":146,"column":19},"end":{"line":146,"column":41}},"loc":{"start":{"line":146,"column":19},"end":{"line":146,"column":41}},"line":146},"12":{"name":"onClick","decl":{"start":{"line":153,"column":19},"end":{"line":153,"column":41}},"loc":{"start":{"line":153,"column":19},"end":{"line":153,"column":41}},"line":153},"13":{"name":"onClick","decl":{"start":{"line":160,"column":19},"end":{"line":160,"column":45}},"loc":{"start":{"line":160,"column":19},"end":{"line":160,"column":45}},"line":160},"14":{"name":"onClick","decl":{"start":{"line":168,"column":19},"end":{"line":168,"column":41}},"loc":{"start":{"line":168,"column":19},"end":{"line":168,"column":41}},"line":168},"15":{"name":"onClick","decl":{"start":{"line":175,"column":19},"end":{"line":175,"column":41}},"loc":{"start":{"line":175,"column":19},"end":{"line":175,"column":41}},"line":175},"16":{"name":"onClick","decl":{"start":{"line":182,"column":19},"end":{"line":182,"column":41}},"loc":{"start":{"line":182,"column":19},"end":{"line":182,"column":41}},"line":182},"17":{"name":"onClick","decl":{"start":{"line":189,"column":19},"end":{"line":189,"column":45}},"loc":{"start":{"line":189,"column":19},"end":{"line":189,"column":45}},"line":189},"18":{"name":"onClick","decl":{"start":{"line":197,"column":19},"end":{"line":197,"column":41}},"loc":{"start":{"line":197,"column":19},"end":{"line":197,"column":41}},"line":197},"19":{"name":"onClick","decl":{"start":{"line":204,"column":19},"end":{"line":204,"column":41}},"loc":{"start":{"line":204,"column":19},"end":{"line":204,"column":41}},"line":204},"20":{"name":"onClick","decl":{"start":{"line":211,"column":19},"end":{"line":211,"column":41}},"loc":{"start":{"line":211,"column":19},"end":{"line":211,"column":41}},"line":211},"21":{"name":"onClick","decl":{"start":{"line":218,"column":19},"end":{"line":218,"column":45}},"loc":{"start":{"line":218,"column":19},"end":{"line":218,"column":45}},"line":218},"22":{"name":"onClick","decl":{"start":{"line":226,"column":19},"end":{"line":226,"column":41}},"loc":{"start":{"line":226,"column":19},"end":{"line":226,"column":41}},"line":226}},"f":{"0":78,"1":34,"2":1,"3":10,"4":10,"5":7,"6":1,"7":3,"8":1,"9":1,"10":0,"11":0,"12":0,"13":3,"14":3,"15":6,"16":0,"17":2,"18":6,"19":7,"20":7,"21":4,"22":5}}
,"D:\\OpenClaw\\sessions\\workspace-researcher\\workspace\\practice\\calculator-test\\src\\calculator.js": {"path":"D:\\OpenClaw\\sessions\\workspace-researcher\\workspace\\practice\\calculator-test\\src\\calculator.js","all":false,"statementMap":{"0":{"start":{"line":1,"column":0},"end":{"line":1,"column":3}},"1":{"start":{"line":2,"column":0},"end":{"line":2,"column":44}},"2":{"start":{"line":3,"column":0},"end":{"line":3,"column":3}},"3":{"start":{"line":4,"column":0},"end":{"line":4,"column":0}},"4":{"start":{"line":5,"column":0},"end":{"line":5,"column":3}},"5":{"start":{"line":6,"column":0},"end":{"line":6,"column":5}},"6":{"start":{"line":7,"column":0},"end":{"line":7,"column":27}},"7":{"start":{"line":8,"column":0},"end":{"line":8,"column":27}},"8":{"start":{"line":9,"column":0},"end":{"line":9,"column":23}},"9":{"start":{"line":10,"column":0},"end":{"line":10,"column":3}},"10":{"start":{"line":11,"column":0},"end":{"line":11,"column":27}},"11":{"start":{"line":12,"column":0},"end":{"line":12,"column":14}},"12":{"start":{"line":13,"column":0},"end":{"line":13,"column":1}},"13":{"start":{"line":14,"column":0},"end":{"line":14,"column":0}},"14":{"start":{"line":15,"column":0},"end":{"line":15,"column":3}},"15":{"start":{"line":16,"column":0},"end":{"line":16,"column":5}},"16":{"start":{"line":17,"column":0},"end":{"line":17,"column":27}},"17":{"start":{"line":18,"column":0},"end":{"line":18,"column":27}},"18":{"start":{"line":19,"column":0},"end":{"line":19,"column":23}},"19":{"start":{"line":20,"column":0},"end":{"line":20,"column":3}},"20":{"start":{"line":21,"column":0},"end":{"line":21,"column":32}},"21":{"start":{"line":22,"column":0},"end":{"line":22,"column":14}},"22":{"start":{"line":23,"column":0},"end":{"line":23,"column":1}},"23":{"start":{"line":24,"column":0},"end":{"line":24,"column":0}},"24":{"start":{"line":25,"column":0},"end":{"line":25,"column":3}},"25":{"start":{"line":26,"column":0},"end":{"line":26,"column":5}},"26":{"start":{"line":27,"column":0},"end":{"line":27,"column":27}},"27":{"start":{"line":28,"column":0},"end":{"line":28,"column":27}},"28":{"start":{"line":29,"column":0},"end":{"line":29,"column":23}},"29":{"start":{"line":30,"column":0},"end":{"line":30,"column":3}},"30":{"start":{"line":31,"column":0},"end":{"line":31,"column":32}},"31":{"start":{"line":32,"column":0},"end":{"line":32,"column":14}},"32":{"start":{"line":33,"column":0},"end":{"line":33,"column":1}},"33":{"start":{"line":34,"column":0},"end":{"line":34,"column":0}},"34":{"start":{"line":35,"column":0},"end":{"line":35,"column":3}},"35":{"start":{"line":36,"column":0},"end":{"line":36,"column":5}},"36":{"start":{"line":37,"column":0},"end":{"line":37,"column":27}},"37":{"start":{"line":38,"column":0},"end":{"line":38,"column":27}},"38":{"start":{"line":39,"column":0},"end":{"line":39,"column":23}},"39":{"start":{"line":40,"column":0},"end":{"line":40,"column":28}},"40":{"start":{"line":41,"column":0},"end":{"line":41,"column":3}},"41":{"start":{"line":42,"column":0},"end":{"line":42,"column":30}},"42":{"start":{"line":43,"column":0},"end":{"line":43,"column":16}},"43":{"start":{"line":44,"column":0},"end":{"line":44,"column":44}},"44":{"start":{"line":45,"column":0},"end":{"line":45,"column":3}},"45":{"start":{"line":46,"column":0},"end":{"line":46,"column":14}},"46":{"start":{"line":47,"column":0},"end":{"line":47,"column":1}},"47":{"start":{"line":48,"column":0},"end":{"line":48,"column":0}},"48":{"start":{"line":49,"column":0},"end":{"line":49,"column":3}},"49":{"start":{"line":50,"column":0},"end":{"line":50,"column":8}},"50":{"start":{"line":51,"column":0},"end":{"line":51,"column":29}},"51":{"start":{"line":52,"column":0},"end":{"line":52,"column":25}},"52":{"start":{"line":53,"column":0},"end":{"line":53,"column":3}},"53":{"start":{"line":54,"column":0},"end":{"line":54,"column":35}},"54":{"start":{"line":55,"column":0},"end":{"line":55,"column":20}},"55":{"start":{"line":56,"column":0},"end":{"line":56,"column":1}},"56":{"start":{"line":57,"column":0},"end":{"line":57,"column":0}},"57":{"start":{"line":58,"column":0},"end":{"line":58,"column":3}},"58":{"start":{"line":59,"column":0},"end":{"line":59,"column":5}},"59":{"start":{"line":60,"column":0},"end":{"line":60,"column":29}},"60":{"start":{"line":61,"column":0},"end":{"line":61,"column":26}},"61":{"start":{"line":62,"column":0},"end":{"line":62,"column":3}},"62":{"start":{"line":63,"column":0},"end":{"line":63,"column":31}},"63":{"start":{"line":64,"column":0},"end":{"line":64,"column":15}},"64":{"start":{"line":65,"column":0},"end":{"line":65,"column":1}},"65":{"start":{"line":66,"column":0},"end":{"line":66,"column":0}},"66":{"start":{"line":67,"column":0},"end":{"line":67,"column":3}},"67":{"start":{"line":68,"column":0},"end":{"line":68,"column":5}},"68":{"start":{"line":69,"column":0},"end":{"line":69,"column":25}},"69":{"start":{"line":70,"column":0},"end":{"line":70,"column":3}},"70":{"start":{"line":71,"column":0},"end":{"line":71,"column":25}},"71":{"start":{"line":72,"column":0},"end":{"line":72,"column":11}},"72":{"start":{"line":73,"column":0},"end":{"line":73,"column":1}}},"s":{"0":1,"1":1,"2":1,"3":1,"4":1,"5":1,"6":1,"7":1,"8":1,"9":1,"10":1,"11":9,"12":9,"13":1,"14":1,"15":1,"16":1,"17":1,"18":1,"19":1,"20":1,"21":6,"22":6,"23":1,"24":1,"25":1,"26":1,"27":1,"28":1,"29":1,"30":1,"31":8,"32":8,"33":1,"34":1,"35":1,"36":1,"37":1,"38":1,"39":1,"40":1,"41":1,"42":7,"43":1,"44":1,"45":6,"46":6,"47":1,"48":1,"49":1,"50":1,"51":1,"52":1,"53":1,"54":4,"55":4,"56":1,"57":1,"58":1,"59":1,"60":1,"61":1,"62":1,"63":3,"64":3,"65":1,"66":1,"67":1,"68":1,"69":1,"70":1,"71":1,"72":1},"branchMap":{"0":{"type":"branch","line":11,"loc":{"start":{"line":11,"column":7},"end":{"line":13,"column":1}},"locations":[{"start":{"line":11,"column":7},"end":{"line":13,"column":1}}]},"1":{"type":"branch","line":21,"loc":{"start":{"line":21,"column":7},"end":{"line":23,"column":1}},"locations":[{"start":{"line":21,"column":7},"end":{"line":23,"column":1}}]},"2":{"type":"branch","line":31,"loc":{"start":{"line":31,"column":7},"end":{"line":33,"column":1}},"locations":[{"start":{"line":31,"column":7},"end":{"line":33,"column":1}}]},"3":{"type":"branch","line":42,"loc":{"start":{"line":42,"column":7},"end":{"line":47,"column":1}},"locations":[{"start":{"line":42,"column":7},"end":{"line":47,"column":1}}]},"4":{"type":"branch","line":43,"loc":{"start":{"line":43,"column":15},"end":{"line":45,"column":3}},"locations":[{"start":{"line":43,"column":15},"end":{"line":45,"column":3}}]},"5":{"type":"branch","line":45,"loc":{"start":{"line":45,"column":2},"end":{"line":47,"column":1}},"locations":[{"start":{"line":45,"column":2},"end":{"line":47,"column":1}}]},"6":{"type":"branch","line":54,"loc":{"start":{"line":54,"column":7},"end":{"line":56,"column":1}},"locations":[{"start":{"line":54,"column":7},"end":{"line":56,"column":1}}]},"7":{"type":"branch","line":63,"loc":{"start":{"line":63,"column":7},"end":{"line":65,"column":1}},"locations":[{"start":{"line":63,"column":7},"end":{"line":65,"column":1}}]},"8":{"type":"branch","line":71,"loc":{"start":{"line":71,"column":7},"end":{"line":73,"column":1}},"locations":[{"start":{"line":71,"column":7},"end":{"line":73,"column":1}}]}},"b":{"0":[9],"1":[6],"2":[8],"3":[7],"4":[1],"5":[6],"6":[4],"7":[3],"8":[1]},"fnMap":{"0":{"name":"add","decl":{"start":{"line":11,"column":7},"end":{"line":13,"column":1}},"loc":{"start":{"line":11,"column":7},"end":{"line":13,"column":1}},"line":11},"1":{"name":"subtract","decl":{"start":{"line":21,"column":7},"end":{"line":23,"column":1}},"loc":{"start":{"line":21,"column":7},"end":{"line":23,"column":1}},"line":21},"2":{"name":"multiply","decl":{"start":{"line":31,"column":7},"end":{"line":33,"column":1}},"loc":{"start":{"line":31,"column":7},"end":{"line":33,"column":1}},"line":31},"3":{"name":"divide","decl":{"start":{"line":42,"column":7},"end":{"line":47,"column":1}},"loc":{"start":{"line":42,"column":7},"end":{"line":47,"column":1}},"line":42},"4":{"name":"percentage","decl":{"start":{"line":54,"column":7},"end":{"line":56,"column":1}},"loc":{"start":{"line":54,"column":7},"end":{"line":56,"column":1}},"line":54},"5":{"name":"negate","decl":{"start":{"line":63,"column":7},"end":{"line":65,"column":1}},"loc":{"start":{"line":63,"column":7},"end":{"line":65,"column":1}},"line":63},"6":{"name":"clear","decl":{"start":{"line":71,"column":7},"end":{"line":73,"column":1}},"loc":{"start":{"line":71,"column":7},"end":{"line":73,"column":1}},"line":71}},"f":{"0":9,"1":6,"2":8,"3":7,"4":4,"5":3,"6":1}}
,"D:\\OpenClaw\\sessions\\workspace-researcher\\workspace\\practice\\calculator-test\\src\\main.jsx": {"path":"D:\\OpenClaw\\sessions\\workspace-researcher\\workspace\\practice\\calculator-test\\src\\main.jsx","all":true,"statementMap":{"0":{"start":{"line":1,"column":0},"end":{"line":1,"column":34}},"1":{"start":{"line":2,"column":0},"end":{"line":2,"column":45}},"2":{"start":{"line":3,"column":0},"end":{"line":3,"column":46}},"3":{"start":{"line":4,"column":0},"end":{"line":4,"column":0}},"4":{"start":{"line":5,"column":0},"end":{"line":5,"column":51}},"5":{"start":{"line":6,"column":0},"end":{"line":6,"column":14}},"6":{"start":{"line":7,"column":0},"end":{"line":7,"column":18}},"7":{"start":{"line":8,"column":0},"end":{"line":8,"column":15}},"8":{"start":{"line":9,"column":0},"end":{"line":9,"column":1}}},"s":{"0":0,"1":0,"2":0,"3":0,"4":0,"5":0,"6":0,"7":0,"8":0},"branchMap":{"0":{"type":"branch","line":1,"loc":{"start":{"line":1,"column":232},"end":{"line":9,"column":1}},"locations":[{"start":{"line":1,"column":232},"end":{"line":9,"column":1}}]}},"b":{"0":[0]},"fnMap":{"0":{"name":"(empty-report)","decl":{"start":{"line":1,"column":232},"end":{"line":9,"column":1}},"loc":{"start":{"line":1,"column":232},"end":{"line":9,"column":1}},"line":1}},"f":{"0":0}}
}
